<?xml version="1.0" encoding="UTF-8"?>
<!-- Generated by org.testng.reporters.JUnitXMLReporter -->
<testsuite hostname="honey" ignored="3" tests="0" failures="0" timestamp="28 Jan 2020 18:04:48 GMT" time="0.017" errors="0">
  <testcase name="testcase1" time="0.0" classname="testNg.Grouptestcase">
    <ignored/>
  </testcase> <!-- testcase1 -->
  <testcase name="testcase3" time="0.0" classname="testNg.Grouptestcase">
    <ignored/>
  </testcase> <!-- testcase3 -->
  <testcase name="testcase2" time="0.0" classname="testNg.Grouptestcase">
    <ignored/>
  </testcase> <!-- testcase2 -->
</testsuite>
