<?xml version="1.0" encoding="UTF-8"?>
<testng-results skipped="0" failed="1" ignored="0" total="3" passed="2">
  <reporter-output>
  </reporter-output>
  <suite name="Default suite" duration-ms="48030" started-at="2020-01-30T19:39:53Z" finished-at="2020-01-30T19:40:41Z">
    <groups>
    </groups>
    <test name="Default test" duration-ms="48030" started-at="2020-01-30T19:39:53Z" finished-at="2020-01-30T19:40:41Z">
      <class name="MavenDEMO.GmailAutomate.extentReport2">
        <test-method status="PASS" signature="startReport()[pri:0, instance:MavenDEMO.GmailAutomate.extentReport2@2038ae61]" name="startReport" is-config="true" duration-ms="316" started-at="2020-01-30T11:39:53Z" finished-at="2020-01-30T11:39:53Z">
          <reporter-output>
          </reporter-output>
        </test-method> <!-- startReport -->
        <test-method status="PASS" signature="setuptest()[pri:0, instance:MavenDEMO.GmailAutomate.extentReport2@2038ae61]" name="setuptest" is-config="true" duration-ms="15100" started-at="2020-01-30T11:39:53Z" finished-at="2020-01-30T11:40:08Z">
          <reporter-output>
          </reporter-output>
        </test-method> <!-- setuptest -->
        <test-method status="PASS" signature="verifylogotest()[pri:0, instance:MavenDEMO.GmailAutomate.extentReport2@2038ae61]" name="verifylogotest" duration-ms="1581" started-at="2020-01-30T11:40:08Z" finished-at="2020-01-30T11:40:10Z">
          <reporter-output>
          </reporter-output>
        </test-method> <!-- verifylogotest -->
        <test-method status="PASS" signature="getResult(org.testng.ITestResult)[pri:0, instance:MavenDEMO.GmailAutomate.extentReport2@2038ae61]" name="getResult" is-config="true" duration-ms="12" started-at="2020-01-30T11:40:10Z" finished-at="2020-01-30T11:40:10Z">
          <params>
            <param index="0">
              <value>
                <![CDATA[[TestResult name=verifylogotest status=SUCCESS method=extentReport2.verifylogotest()[pri:0, instance:MavenDEMO.GmailAutomate.extentReport2@2038ae61] output={null}]]]>
              </value>
            </param>
          </params>
          <reporter-output>
          </reporter-output>
        </test-method> <!-- getResult -->
        <test-method status="PASS" signature="setuptest()[pri:0, instance:MavenDEMO.GmailAutomate.extentReport2@2038ae61]" name="setuptest" is-config="true" duration-ms="11349" started-at="2020-01-30T11:40:10Z" finished-at="2020-01-30T11:40:21Z">
          <reporter-output>
          </reporter-output>
        </test-method> <!-- setuptest -->
        <test-method status="PASS" signature="wellsfargologintest()[pri:0, instance:MavenDEMO.GmailAutomate.extentReport2@2038ae61]" name="wellsfargologintest" duration-ms="7" started-at="2020-01-30T11:40:21Z" finished-at="2020-01-30T11:40:21Z">
          <reporter-output>
          </reporter-output>
        </test-method> <!-- wellsfargologintest -->
        <test-method status="PASS" signature="getResult(org.testng.ITestResult)[pri:0, instance:MavenDEMO.GmailAutomate.extentReport2@2038ae61]" name="getResult" is-config="true" duration-ms="1" started-at="2020-01-30T11:40:21Z" finished-at="2020-01-30T11:40:21Z">
          <params>
            <param index="0">
              <value>
                <![CDATA[[TestResult name=wellsfargologintest status=SUCCESS method=extentReport2.wellsfargologintest()[pri:0, instance:MavenDEMO.GmailAutomate.extentReport2@2038ae61] output={null}]]]>
              </value>
            </param>
          </params>
          <reporter-output>
          </reporter-output>
        </test-method> <!-- getResult -->
        <test-method status="PASS" signature="setuptest()[pri:0, instance:MavenDEMO.GmailAutomate.extentReport2@2038ae61]" name="setuptest" is-config="true" duration-ms="16791" started-at="2020-01-30T11:40:21Z" finished-at="2020-01-30T11:40:38Z">
          <reporter-output>
          </reporter-output>
        </test-method> <!-- setuptest -->
        <test-method status="FAIL" signature="wellsfargotitletest()[pri:0, instance:MavenDEMO.GmailAutomate.extentReport2@2038ae61]" name="wellsfargotitletest" duration-ms="177" started-at="2020-01-30T11:40:38Z" finished-at="2020-01-30T11:40:38Z">
          <exception class="java.lang.AssertionError">
            <message>
              <![CDATA[expected [Wells Fargo] but found [Wells Fargo – Banking, Credit Cards, Loans, Mortgages & More]]]>
            </message>
            <full-stacktrace>
              <![CDATA[java.lang.AssertionError: expected [Wells Fargo] but found [Wells Fargo – Banking, Credit Cards, Loans, Mortgages & More]
	at org.testng.Assert.fail(Assert.java:94)
	at org.testng.Assert.failNotEquals(Assert.java:513)
	at org.testng.Assert.assertEqualsImpl(Assert.java:135)
	at org.testng.Assert.assertEquals(Assert.java:116)
	at org.testng.Assert.assertEquals(Assert.java:190)
	at org.testng.Assert.assertEquals(Assert.java:200)
	at MavenDEMO.GmailAutomate.extentReport2.wellsfargotitletest(extentReport2.java:73)
	at sun.reflect.NativeMethodAccessorImpl.invoke0(Native Method)
	at sun.reflect.NativeMethodAccessorImpl.invoke(Unknown Source)
	at sun.reflect.DelegatingMethodAccessorImpl.invoke(Unknown Source)
	at java.lang.reflect.Method.invoke(Unknown Source)
	at org.testng.internal.MethodInvocationHelper.invokeMethod(MethodInvocationHelper.java:104)
	at org.testng.internal.Invoker.invokeMethod(Invoker.java:645)
	at org.testng.internal.Invoker.invokeTestMethod(Invoker.java:851)
	at org.testng.internal.Invoker.invokeTestMethods(Invoker.java:1177)
	at org.testng.internal.TestMethodWorker.invokeTestMethods(TestMethodWorker.java:129)
	at org.testng.internal.TestMethodWorker.run(TestMethodWorker.java:112)
	at org.testng.TestRunner.privateRun(TestRunner.java:756)
	at org.testng.TestRunner.run(TestRunner.java:610)
	at org.testng.SuiteRunner.runTest(SuiteRunner.java:387)
	at org.testng.SuiteRunner.runSequentially(SuiteRunner.java:382)
	at org.testng.SuiteRunner.privateRun(SuiteRunner.java:340)
	at org.testng.SuiteRunner.run(SuiteRunner.java:289)
	at org.testng.SuiteRunnerWorker.runSuite(SuiteRunnerWorker.java:52)
	at org.testng.SuiteRunnerWorker.run(SuiteRunnerWorker.java:86)
	at org.testng.TestNG.runSuitesSequentially(TestNG.java:1293)
	at org.testng.TestNG.runSuitesLocally(TestNG.java:1218)
	at org.testng.TestNG.runSuites(TestNG.java:1133)
	at org.testng.TestNG.run(TestNG.java:1104)
	at org.testng.remote.AbstractRemoteTestNG.run(AbstractRemoteTestNG.java:132)
	at org.testng.remote.RemoteTestNG.initAndRun(RemoteTestNG.java:236)
	at org.testng.remote.RemoteTestNG.main(RemoteTestNG.java:81)
]]>
            </full-stacktrace>
          </exception> <!-- java.lang.AssertionError -->
          <reporter-output>
          </reporter-output>
        </test-method> <!-- wellsfargotitletest -->
        <test-method status="PASS" signature="getResult(org.testng.ITestResult)[pri:0, instance:MavenDEMO.GmailAutomate.extentReport2@2038ae61]" name="getResult" is-config="true" duration-ms="2026" started-at="2020-01-30T11:40:38Z" finished-at="2020-01-30T11:40:40Z">
          <params>
            <param index="0">
              <value>
                <![CDATA[[TestResult name=wellsfargotitletest status=FAILURE method=extentReport2.wellsfargotitletest()[pri:0, instance:MavenDEMO.GmailAutomate.extentReport2@2038ae61] output={null}]]]>
              </value>
            </param>
          </params>
          <reporter-output>
          </reporter-output>
        </test-method> <!-- getResult -->
        <test-method status="PASS" signature="endReport()[pri:0, instance:MavenDEMO.GmailAutomate.extentReport2@2038ae61]" name="endReport" is-config="true" duration-ms="617" started-at="2020-01-30T11:40:40Z" finished-at="2020-01-30T11:40:41Z">
          <reporter-output>
          </reporter-output>
        </test-method> <!-- endReport -->
      </class> <!-- MavenDEMO.GmailAutomate.extentReport2 -->
    </test> <!-- Default test -->
  </suite> <!-- Default suite -->
</testng-results>
